<?xml version="1.0" encoding="UTF-8"?>
<!-- Generated by org.testng.reporters.JUnitXMLReporter -->
<testsuite ignored="0" hostname="LAPTOP-C2IN588P" failures="0" tests="4" name="Default test" time="8.562" errors="0" timestamp="2023-10-30T19:25:15 PDT">
  <testcase classname="day1.day1" name="deleteUsers" time="4.103"/>
  <testcase classname="day1.day1" name="getUsers" time="2.287"/>
  <testcase classname="day1.day1" name="testCreateUser" time="1.14"/>
  <testcase classname="day1.day1" name="updateUser" time="0.906"/>
</testsuite> <!-- Default test -->
