<?xml version="1.0" encoding="UTF-8"?>
<!-- Generated by org.testng.reporters.JUnitXMLReporter -->
<testsuite ignored="2" hostname="LAPTOP-C2IN588P" failures="0" tests="1" name="Default test" time="5.705" errors="0" timestamp="2023-11-02T19:31:11 PDT">
  <testcase classname="day1.day3" name="updateUser" time="5.557"/>
  <testcase classname="day1.day3" name="createUser" time="0.0">
    <ignored/>
  </testcase> <!-- createUser -->
  <testcase classname="day1.day3" name="getUsers" time="0.0">
    <ignored/>
  </testcase> <!-- getUsers -->
</testsuite> <!-- Default test -->
