<?xml version="1.0" encoding="UTF-8"?>
<testng-results ignored="0" total="4" passed="4" failed="0" skipped="0">
  <reporter-output>
  </reporter-output>
  <suite started-at="2023-10-30T19:25:07 PDT" name="Default suite" finished-at="2023-10-30T19:25:15 PDT" duration-ms="8562">
    <groups>
    </groups>
    <test started-at="2023-10-30T19:25:07 PDT" name="Default test" finished-at="2023-10-30T19:25:15 PDT" duration-ms="8562">
      <class name="day1.day1">
        <test-method signature="deleteUsers()[pri:0, instance:day1.day1@3c7f66c4]" started-at="2023-10-30T19:25:07 PDT" name="deleteUsers" finished-at="2023-10-30T19:25:11 PDT" duration-ms="4103" status="PASS">
          <reporter-output>
          </reporter-output>
        </test-method> <!-- deleteUsers -->
        <test-method signature="getUsers()[pri:0, instance:day1.day1@3c7f66c4]" started-at="2023-10-30T19:25:11 PDT" name="getUsers" finished-at="2023-10-30T19:25:13 PDT" duration-ms="2287" status="PASS">
          <reporter-output>
          </reporter-output>
        </test-method> <!-- getUsers -->
        <test-method signature="testCreateUser()[pri:0, instance:day1.day1@3c7f66c4]" started-at="2023-10-30T19:25:13 PDT" name="testCreateUser" finished-at="2023-10-30T19:25:14 PDT" duration-ms="1140" status="PASS">
          <reporter-output>
          </reporter-output>
        </test-method> <!-- testCreateUser -->
        <test-method signature="updateUser()[pri:0, instance:day1.day1@3c7f66c4]" started-at="2023-10-30T19:25:14 PDT" name="updateUser" finished-at="2023-10-30T19:25:15 PDT" duration-ms="906" status="PASS">
          <reporter-output>
          </reporter-output>
        </test-method> <!-- updateUser -->
      </class> <!-- day1.day1 -->
    </test> <!-- Default test -->
  </suite> <!-- Default suite -->
</testng-results>
